<?xml version="1.0" encoding="UTF-8"?>
<!-- Generated by org.testng.reporters.JUnitReportReporter -->
<testsuite hostname="Swasthik" failures="0" tests="1" name="sample.Handling_Calendar" time="8.857" errors="0" timestamp="2024-03-19T18:04:50 IST" skipped="0">
  <testcase classname="sample.Handling_Calendar" name="test" time="8.857"/>
</testsuite> <!-- sample.Handling_Calendar -->
