<?xml version="1.0" encoding="UTF-8"?>
<!-- Generated by org.testng.reporters.JUnitReportReporter -->
<testsuite hostname="Swasthik" failures="0" tests="1" name="sample.ScreenShot" time="11.444" errors="0" timestamp="2024-02-29T12:43:20 IST" skipped="0">
  <testcase classname="sample.ScreenShot" name="test" time="11.444"/>
</testsuite> <!-- sample.ScreenShot -->
