<?xml version="1.0" encoding="UTF-8"?>
<!-- Generated by org.testng.reporters.JUnitReportReporter -->
<testsuite hostname="Swasthik" failures="0" tests="1" name="sample.Demo" time="7.473" errors="0" timestamp="2024-02-29T11:39:27 IST" skipped="0">
  <testcase classname="sample.Demo" name="test" time="7.473"/>
</testsuite> <!-- sample.Demo -->
