<?xml version="1.0" encoding="UTF-8"?>
<!-- Generated by org.testng.reporters.JUnitReportReporter -->
<testsuite hostname="Swasthik" failures="0" tests="1" name="sample.Handling_Table" time="6.061" errors="0" timestamp="2024-03-19T18:05:17 IST" skipped="0">
  <testcase classname="sample.Handling_Table" name="test" time="6.061"/>
</testsuite> <!-- sample.Handling_Table -->
