<?xml version="1.0" encoding="UTF-8"?>
<!-- Generated by org.testng.reporters.JUnitReportReporter -->
<testsuite hostname="Swasthik" failures="0" tests="1" name="sample.Login" time="8.182" errors="0" timestamp="2024-02-27T10:12:46 IST" skipped="0">
  <testcase classname="sample.Login" name="LoginWithValidEmailAndInvalidPassword" time="8.182"/>
</testsuite> <!-- sample.Login -->
