<?xml version="1.0" encoding="UTF-8"?>
<!-- Generated by org.testng.reporters.JUnitReportReporter -->
<testsuite hostname="Swasthik" failures="0" tests="1" name="sample.HandlingAutosuggestiveDropdowns" time="18.478" errors="0" timestamp="2024-03-19T18:05:50 IST" skipped="0">
  <testcase classname="sample.HandlingAutosuggestiveDropdowns" name="test" time="18.478"/>
</testsuite> <!-- sample.HandlingAutosuggestiveDropdowns -->
