<?xml version="1.0" encoding="UTF-8"?>
<!-- Generated by org.testng.reporters.JUnitReportReporter -->
<testsuite hostname="Swasthik" failures="0" tests="1" name="tutorialsninja.Login1" time="5.475" errors="0" timestamp="2024-03-19T18:09:51 IST" skipped="0">
  <testcase classname="tutorialsninja.Login1" name="loginWithValidCredentials" time="5.475"/>
</testsuite> <!-- tutorialsninja.Login1 -->
