<?xml version="1.0" encoding="UTF-8"?>
<!-- Generated by org.testng.reporters.JUnitReportReporter -->
<testsuite hostname="Swasthik" failures="0" tests="1" name="Demo" time="0.007" errors="0" timestamp="2024-02-20T16:35:37 IST" skipped="0">
  <testcase classname="Demo" name="sample" time="0.007"/>
</testsuite> <!-- Demo -->
