<?xml version="1.0" encoding="UTF-8"?>
<!-- Generated by org.testng.reporters.JUnitReportReporter -->
<testsuite hostname="Swasthik" failures="0" tests="1" name="packone.Sample" time="0.010" errors="0" timestamp="2024-02-20T12:05:51 IST" skipped="0">
  <testcase classname="packone.Sample" name="f" time="0.010"/>
</testsuite> <!-- packone.Sample -->
